{
  "RSpec": {
    "coverage": {
      "/home/tato/Documents/Facultad/2_año/2_Cuatrimestre/Laboratorio_4/entrega1/spec/bcrypt_spec.rb": [
        1,
        1,
        1,
        null,
        1,
        6,
        6,
        1,
        1,
        1,
        null,
        null,
        1,
        1,
        null,
        null,
        null,
        1,
        1,
        2,
        null,
        null,
        null,
        1,
        1,
        2,
        null,
        null,
        null,
        1,
        1,
        1,
        null,
        null,
        null
      ],
      "/home/tato/Documents/Facultad/2_año/2_Cuatrimestre/Laboratorio_4/entrega1/bcrypt.rb": [
        1,
        1,
        null,
        1,
        1,
        null,
        null,
        null,
        1,
        2,
        null,
        null,
        1,
        1,
        null,
        null,
        1,
        1,
        null,
        null,
        1,
        1,
        null,
        null
      ],
      "/home/tato/Documents/Facultad/2_año/2_Cuatrimestre/Laboratorio_4/entrega1/autenticador.rb": [
        1,
        1,
        null,
        null,
        null,
        1,
        0,
        null,
        null,
        1,
        0,
        null,
        null,
        1,
        0,
        null,
        null,
        1,
        0,
        null,
        null
      ],
      "/home/tato/Documents/Facultad/2_año/2_Cuatrimestre/Laboratorio_4/entrega1/conversion_irrealizable_error.rb": [
        1,
        1,
        null,
        null,
        null
      ],
      "/home/tato/Documents/Facultad/2_año/2_Cuatrimestre/Laboratorio_4/entrega1/usuario.rb": [
        1,
        1,
        1,
        null,
        1,
        1,
        1,
        null,
        1,
        19,
        19,
        19,
        null,
        null,
        1,
        7,
        null,
        null,
        null,
        null,
        1,
        1,
        1,
        null,
        null,
        1,
        1,
        1,
        null,
        null,
        1,
        1,
        1,
        null,
        null
      ],
      "/home/tato/Documents/Facultad/2_año/2_Cuatrimestre/Laboratorio_4/entrega1/texto_plano.rb": [
        1,
        1,
        1,
        null,
        1,
        1,
        null,
        null,
        1,
        9,
        null,
        null,
        1,
        2,
        null,
        null,
        1,
        2,
        null,
        null,
        1,
        2,
        null,
        null
      ],
      "/home/tato/Documents/Facultad/2_año/2_Cuatrimestre/Laboratorio_4/entrega1/caesar_cipher.rb": [
        1,
        1,
        1,
        null,
        1,
        1,
        1,
        null,
        null,
        1,
        2,
        null,
        null,
        1,
        4,
        null,
        null,
        1,
        1,
        null,
        null,
        1,
        1,
        null,
        null
      ],
      "/home/tato/Documents/Facultad/2_año/2_Cuatrimestre/Laboratorio_4/entrega1/spec/caesar_cipher_spec.rb": [
        1,
        1,
        null,
        1,
        6,
        6,
        null,
        1,
        1,
        1,
        null,
        null,
        1,
        1,
        null,
        null,
        null,
        1,
        1,
        1,
        null,
        null,
        null,
        1,
        1,
        1,
        null,
        null,
        null,
        1,
        1,
        1,
        null,
        null,
        null
      ],
      "/home/tato/Documents/Facultad/2_año/2_Cuatrimestre/Laboratorio_4/entrega1/spec/cuenta_spec.rb": [
        1,
        null,
        1,
        13,
        4,
        null,
        1,
        1,
        1,
        null,
        1,
        3,
        null,
        1,
        1,
        null,
        null,
        1,
        2,
        null,
        null,
        null,
        1,
        1,
        1,
        null,
        null,
        1,
        1,
        null,
        null,
        null,
        1,
        1,
        1,
        null,
        null,
        null,
        1,
        4,
        1,
        1,
        1,
        null,
        1,
        2,
        null,
        null,
        1,
        2,
        1,
        null,
        null,
        null,
        1,
        2,
        1,
        1,
        1,
        1,
        null,
        null,
        null,
        1,
        3,
        1,
        1,
        null,
        1,
        2,
        1,
        null,
        null,
        null
      ],
      "/home/tato/Documents/Facultad/2_año/2_Cuatrimestre/Laboratorio_4/entrega1/cuenta.rb": [
        1,
        1,
        1,
        1,
        1,
        1,
        1,
        1,
        1,
        1,
        null,
        null,
        1,
        1,
        1,
        1,
        null,
        1,
        12,
        12,
        12,
        null,
        null,
        null,
        null,
        1,
        null,
        15,
        null,
        null,
        1,
        null,
        40,
        null,
        null,
        1,
        16,
        null,
        null,
        1,
        null,
        16,
        1,
        null,
        15,
        null,
        null,
        null,
        null,
        null,
        1,
        null,
        2,
        1,
        null,
        1,
        null,
        null,
        null,
        null,
        null,
        1,
        null,
        8,
        7,
        7,
        6,
        null,
        1,
        1,
        null,
        null,
        1,
        null,
        null,
        null,
        null,
        null,
        1,
        2,
        2,
        null,
        null,
        null,
        null,
        1,
        0,
        null,
        null,
        1,
        0,
        null,
        null,
        1,
        0,
        null,
        null
      ],
      "/home/tato/Documents/Facultad/2_año/2_Cuatrimestre/Laboratorio_4/entrega1/logueado.rb": [
        1,
        null,
        1,
        1,
        null,
        null,
        1,
        2,
        null,
        null
      ],
      "/home/tato/Documents/Facultad/2_año/2_Cuatrimestre/Laboratorio_4/entrega1/estado_cuenta.rb": [
        1,
        1,
        0,
        null,
        null
      ],
      "/home/tato/Documents/Facultad/2_año/2_Cuatrimestre/Laboratorio_4/entrega1/deslogueado.rb": [
        1,
        null,
        1,
        1,
        null,
        null,
        1,
        2,
        null,
        null
      ],
      "/home/tato/Documents/Facultad/2_año/2_Cuatrimestre/Laboratorio_4/entrega1/usuario_existente_error.rb": [
        1,
        1,
        1,
        1,
        null,
        null
      ],
      "/home/tato/Documents/Facultad/2_año/2_Cuatrimestre/Laboratorio_4/entrega1/usuario_inexistente_error.rb": [
        1,
        1,
        1,
        0,
        null,
        null
      ],
      "/home/tato/Documents/Facultad/2_año/2_Cuatrimestre/Laboratorio_4/entrega1/usuario_no_logueado.rb": [
        1,
        1,
        null,
        null,
        null
      ],
      "/home/tato/Documents/Facultad/2_año/2_Cuatrimestre/Laboratorio_4/entrega1/login_error.rb": [
        null,
        1,
        null,
        null
      ],
      "/home/tato/Documents/Facultad/2_año/2_Cuatrimestre/Laboratorio_4/entrega1/spec/deslogueado_spec.rb": [
        1,
        null,
        1,
        2,
        1,
        1,
        1,
        null,
        null,
        null
      ],
      "/home/tato/Documents/Facultad/2_año/2_Cuatrimestre/Laboratorio_4/entrega1/spec/logueado_spec.rb": [
        1,
        null,
        1,
        2,
        1,
        1,
        1,
        null,
        null,
        null
      ],
      "/home/tato/Documents/Facultad/2_año/2_Cuatrimestre/Laboratorio_4/entrega1/spec/texto_plano_spec.rb": [
        1,
        1,
        null,
        1,
        6,
        6,
        null,
        1,
        1,
        1,
        null,
        null,
        1,
        1,
        null,
        null,
        null,
        1,
        1,
        1,
        null,
        null,
        null,
        1,
        1,
        1,
        null,
        null,
        null,
        1,
        1,
        1,
        null,
        null,
        null
      ],
      "/home/tato/Documents/Facultad/2_año/2_Cuatrimestre/Laboratorio_4/entrega1/spec/usuario_spec.rb": [
        1,
        null,
        1,
        5,
        null,
        1,
        1,
        1,
        null,
        null,
        null,
        1,
        2,
        1,
        1,
        null,
        null,
        null,
        1,
        2,
        1,
        1,
        null,
        null,
        null,
        1,
        2,
        1,
        1,
        null,
        null,
        null
      ]
    },
    "timestamp": 1429426006
  }
}
